[04:59:47] [ServerMain/INFO]: Environment: authHost='https://authserver.mojang.com', accountsHost='https://api.mojang.com', sessionHost='https://sessionserver.mojang.com', servicesHost='https://api.minecraftservices.com', name='PROD'
[04:59:53] [ServerMain/INFO]: Loaded 7 recipes
[04:59:58] [Server thread/INFO]: Starting minecraft server version 1.20.1
[04:59:58] [Server thread/INFO]: Loading properties
[04:59:58] [Server thread/INFO]: This server is running Paper version git-Paper-59 (MC: 1.20.1) (Implementing API version 1.20.1-R0.1-SNAPSHOT) (Git: fead63e)
[04:59:59] [Server thread/INFO]: Using 4 threads for Netty based IO
[04:59:59] [Server thread/INFO]: Server Ping Player Sample Count: 12
[04:59:59] [Server thread/WARN]: [!] The timings profiler has been enabled but has been scheduled for removal from Paper in the future.
    We recommend installing the spark profiler as a replacement: https://spark.lucko.me/
    For more information please visit: https://github.com/PaperMC/Paper/issues/8948
[05:00:00] [Server thread/INFO]: [ChunkTaskScheduler] Chunk system is using 1 I/O threads, 3 worker threads, and gen parallelism of 3 threads
[05:00:00] [Server thread/INFO]: Default game type: SURVIVAL
[05:00:00] [Server thread/INFO]: Generating keypair
[05:00:00] [Server thread/INFO]: Starting Minecraft server on *:25565
[05:00:01] [Server thread/INFO]: Using default channel type
[05:00:01] [Server thread/INFO]: Paper: Using Java compression from Velocity.
[05:00:01] [Server thread/INFO]: Paper: Using Java cipher from Velocity.
[05:00:03] [Server thread/INFO]: [FastAsyncWorldEdit] Loading server plugin FastAsyncWorldEdit v2.6.5-SNAPSHOT-503;83a4987
[05:00:06] [Server thread/INFO]: Got request to register class com.sk89q.worldedit.bukkit.BukkitServerInterface with WorldEdit [com.sk89q.worldedit.extension.platform.PlatformManager@66df0a34]
[05:00:06] [Server thread/INFO]: [goBrush] Loading server plugin goBrush v3.8.0-61
[05:00:06] [Server thread/INFO]: [Essentials] Loading server plugin Essentials v2.20.1-dev+17-03ed9a5
[05:00:06] [Server thread/INFO]: Server permissions file permissions.yml is empty, ignoring it
[05:00:06] [Server thread/INFO]: [FastAsyncWorldEdit] Enabling FastAsyncWorldEdit v2.6.5-SNAPSHOT-503;83a4987
[05:00:06] [Server thread/INFO]: [com.fastasyncworldedit.core.Fawe] LZ4 Compression Binding loaded successfully
[05:00:06] [Server thread/INFO]: [com.fastasyncworldedit.core.Fawe] ZSTD Compression Binding loaded successfully
[05:00:06] [Server thread/INFO]: Registering commands with com.sk89q.worldedit.bukkit.BukkitServerInterface
[05:00:07] [Server thread/INFO]: WEPIF: Using the Bukkit Permissions API.
[05:00:08] [Server thread/INFO]: Using com.sk89q.worldedit.bukkit.adapter.impl.fawe.v1_20_R1.PaperweightFaweAdapter as the Bukkit adapter
[05:00:11] [Server thread/WARN]: [com.fastasyncworldedit.core.util.UpdateNotification] An update for FastAsyncWorldEdit is available. You are 24 build(s) out of date.
You are running build 503, the latest version is build 527.
Update at https://www.spigotmc.org/resources/13932/
[05:00:11] [Server thread/INFO]: Preparing level "world"
[05:00:11] [Server thread/INFO]: -------- World Settings For [world] --------
[05:00:11] [Server thread/INFO]: Item Merge Radius: 2.5
[05:00:11] [Server thread/INFO]: Mob Spawn Range: 6
[05:00:11] [Server thread/INFO]: Experience Merge Radius: 3.0
[05:00:11] [Server thread/INFO]: Simulation Distance: 10
[05:00:11] [Server thread/INFO]: View Distance: 30
[05:00:11] [Server thread/INFO]: Item Despawn Rate: 6000
[05:00:11] [Server thread/INFO]: Nerfing mobs spawned from spawners: false
[05:00:11] [Server thread/INFO]: Arrow Despawn Rate: 1200 Trident Respawn Rate:1200
[05:00:11] [Server thread/INFO]: Cactus Growth Modifier: 100%
[05:00:11] [Server thread/INFO]: Cane Growth Modifier: 100%
[05:00:11] [Server thread/INFO]: Melon Growth Modifier: 100%
[05:00:11] [Server thread/INFO]: Mushroom Growth Modifier: 100%
[05:00:11] [Server thread/INFO]: Pumpkin Growth Modifier: 100%
[05:00:11] [Server thread/INFO]: Sapling Growth Modifier: 100%
[05:00:11] [Server thread/INFO]: Beetroot Growth Modifier: 100%
[05:00:11] [Server thread/INFO]: Carrot Growth Modifier: 100%
[05:00:11] [Server thread/INFO]: Potato Growth Modifier: 100%
[05:00:11] [Server thread/INFO]: TorchFlower Growth Modifier: 100%
[05:00:11] [Server thread/INFO]: Wheat Growth Modifier: 100%
[05:00:11] [Server thread/INFO]: NetherWart Growth Modifier: 100%
[05:00:11] [Server thread/INFO]: Vine Growth Modifier: 100%
[05:00:11] [Server thread/INFO]: Cocoa Growth Modifier: 100%
[05:00:11] [Server thread/INFO]: Bamboo Growth Modifier: 100%
[05:00:11] [Server thread/INFO]: SweetBerry Growth Modifier: 100%
[05:00:11] [Server thread/INFO]: Kelp Growth Modifier: 100%
[05:00:11] [Server thread/INFO]: TwistingVines Growth Modifier: 100%
[05:00:11] [Server thread/INFO]: WeepingVines Growth Modifier: 100%
[05:00:11] [Server thread/INFO]: CaveVines Growth Modifier: 100%
[05:00:11] [Server thread/INFO]: GlowBerry Growth Modifier: 100%
[05:00:11] [Server thread/INFO]: PitcherPlant Growth Modifier: 100%
[05:00:11] [Server thread/INFO]: Entity Activation Range: An 32 / Mo 32 / Ra 48 / Mi 16 / Tiv true / Isa false
[05:00:11] [Server thread/INFO]: Hopper Transfer: 8 Hopper Check: 1 Hopper Amount: 1 Hopper Can Load Chunks: false
[05:00:11] [Server thread/INFO]: Entity Tracking Range: Pl 48 / An 48 / Mo 48 / Mi 32 / Di 128 / Other 64
[05:00:11] [Server thread/INFO]: Custom Map Seeds:  Village: 10387312 Desert: 14357617 Igloo: 14357618 Jungle: 14357619 Swamp: 14357620 Monument: 10387313 Ocean: 14357621 Shipwreck: 165745295 End City: 10387313 Slime: 987234911 Nether: 30084232 Mansion: 10387319 Fossil: 14357921 Portal: 34222645
[05:00:11] [Server thread/INFO]: Tile Max Tick Time: 50ms Entity max Tick Time: 50ms
[05:00:11] [Server thread/INFO]: Max TNT Explosions: 100
[05:00:11] [Server thread/INFO]: Zombie Aggressive Towards Villager: true
[05:00:11] [Server thread/INFO]: Allow Zombie Pigmen to spawn from portal blocks: true
[05:00:12] [Server thread/INFO]: -------- World Settings For [world_nether] --------
[05:00:12] [Server thread/INFO]: Item Merge Radius: 2.5
[05:00:12] [Server thread/INFO]: Mob Spawn Range: 6
[05:00:12] [Server thread/INFO]: Experience Merge Radius: 3.0
[05:00:12] [Server thread/INFO]: Simulation Distance: 10
[05:00:12] [Server thread/INFO]: View Distance: 30
[05:00:12] [Server thread/INFO]: Item Despawn Rate: 6000
[05:00:12] [Server thread/INFO]: Nerfing mobs spawned from spawners: false
[05:00:12] [Server thread/INFO]: Arrow Despawn Rate: 1200 Trident Respawn Rate:1200
[05:00:12] [Server thread/INFO]: Cactus Growth Modifier: 100%
[05:00:12] [Server thread/INFO]: Cane Growth Modifier: 100%
[05:00:12] [Server thread/INFO]: Melon Growth Modifier: 100%
[05:00:12] [Server thread/INFO]: Mushroom Growth Modifier: 100%
[05:00:12] [Server thread/INFO]: Pumpkin Growth Modifier: 100%
[05:00:12] [Server thread/INFO]: Sapling Growth Modifier: 100%
[05:00:12] [Server thread/INFO]: Beetroot Growth Modifier: 100%
[05:00:12] [Server thread/INFO]: Carrot Growth Modifier: 100%
[05:00:12] [Server thread/INFO]: Potato Growth Modifier: 100%
[05:00:12] [Server thread/INFO]: TorchFlower Growth Modifier: 100%
[05:00:12] [Server thread/INFO]: Wheat Growth Modifier: 100%
[05:00:12] [Server thread/INFO]: NetherWart Growth Modifier: 100%
[05:00:12] [Server thread/INFO]: Vine Growth Modifier: 100%
[05:00:12] [Server thread/INFO]: Cocoa Growth Modifier: 100%
[05:00:12] [Server thread/INFO]: Bamboo Growth Modifier: 100%
[05:00:12] [Server thread/INFO]: SweetBerry Growth Modifier: 100%
[05:00:12] [Server thread/INFO]: Kelp Growth Modifier: 100%
[05:00:12] [Server thread/INFO]: TwistingVines Growth Modifier: 100%
[05:00:12] [Server thread/INFO]: WeepingVines Growth Modifier: 100%
[05:00:12] [Server thread/INFO]: CaveVines Growth Modifier: 100%
[05:00:12] [Server thread/INFO]: GlowBerry Growth Modifier: 100%
[05:00:12] [Server thread/INFO]: PitcherPlant Growth Modifier: 100%
[05:00:12] [Server thread/INFO]: Entity Activation Range: An 32 / Mo 32 / Ra 48 / Mi 16 / Tiv true / Isa false
[05:00:12] [Server thread/INFO]: Hopper Transfer: 8 Hopper Check: 1 Hopper Amount: 1 Hopper Can Load Chunks: false
[05:00:12] [Server thread/INFO]: Entity Tracking Range: Pl 48 / An 48 / Mo 48 / Mi 32 / Di 128 / Other 64
[05:00:12] [Server thread/INFO]: Custom Map Seeds:  Village: 10387312 Desert: 14357617 Igloo: 14357618 Jungle: 14357619 Swamp: 14357620 Monument: 10387313 Ocean: 14357621 Shipwreck: 165745295 End City: 10387313 Slime: 987234911 Nether: 30084232 Mansion: 10387319 Fossil: 14357921 Portal: 34222645
[05:00:12] [Server thread/INFO]: Tile Max Tick Time: 50ms Entity max Tick Time: 50ms
[05:00:12] [Server thread/INFO]: Max TNT Explosions: 100
[05:00:12] [Server thread/INFO]: Zombie Aggressive Towards Villager: true
[05:00:12] [Server thread/INFO]: Allow Zombie Pigmen to spawn from portal blocks: true
[05:00:12] [Server thread/INFO]: -------- World Settings For [world_the_end] --------
[05:00:12] [Server thread/INFO]: Item Merge Radius: 2.5
[05:00:12] [Server thread/INFO]: Mob Spawn Range: 6
[05:00:12] [Server thread/INFO]: Experience Merge Radius: 3.0
[05:00:12] [Server thread/INFO]: Simulation Distance: 10
[05:00:12] [Server thread/INFO]: View Distance: 30
[05:00:12] [Server thread/INFO]: Item Despawn Rate: 6000
[05:00:12] [Server thread/INFO]: Nerfing mobs spawned from spawners: false
[05:00:12] [Server thread/INFO]: Arrow Despawn Rate: 1200 Trident Respawn Rate:1200
[05:00:12] [Server thread/INFO]: Cactus Growth Modifier: 100%
[05:00:12] [Server thread/INFO]: Cane Growth Modifier: 100%
[05:00:12] [Server thread/INFO]: Melon Growth Modifier: 100%
[05:00:12] [Server thread/INFO]: Mushroom Growth Modifier: 100%
[05:00:12] [Server thread/INFO]: Pumpkin Growth Modifier: 100%
[05:00:12] [Server thread/INFO]: Sapling Growth Modifier: 100%
[05:00:12] [Server thread/INFO]: Beetroot Growth Modifier: 100%
[05:00:12] [Server thread/INFO]: Carrot Growth Modifier: 100%
[05:00:12] [Server thread/INFO]: Potato Growth Modifier: 100%
[05:00:12] [Server thread/INFO]: TorchFlower Growth Modifier: 100%
[05:00:12] [Server thread/INFO]: Wheat Growth Modifier: 100%
[05:00:12] [Server thread/INFO]: NetherWart Growth Modifier: 100%
[05:00:12] [Server thread/INFO]: Vine Growth Modifier: 100%
[05:00:12] [Server thread/INFO]: Cocoa Growth Modifier: 100%
[05:00:12] [Server thread/INFO]: Bamboo Growth Modifier: 100%
[05:00:12] [Server thread/INFO]: SweetBerry Growth Modifier: 100%
[05:00:12] [Server thread/INFO]: Kelp Growth Modifier: 100%
[05:00:12] [Server thread/INFO]: TwistingVines Growth Modifier: 100%
[05:00:12] [Server thread/INFO]: WeepingVines Growth Modifier: 100%
[05:00:12] [Server thread/INFO]: CaveVines Growth Modifier: 100%
[05:00:12] [Server thread/INFO]: GlowBerry Growth Modifier: 100%
[05:00:12] [Server thread/INFO]: PitcherPlant Growth Modifier: 100%
[05:00:12] [Server thread/INFO]: Entity Activation Range: An 32 / Mo 32 / Ra 48 / Mi 16 / Tiv true / Isa false
[05:00:12] [Server thread/INFO]: Hopper Transfer: 8 Hopper Check: 1 Hopper Amount: 1 Hopper Can Load Chunks: false
[05:00:12] [Server thread/INFO]: Entity Tracking Range: Pl 48 / An 48 / Mo 48 / Mi 32 / Di 128 / Other 64
[05:00:12] [Server thread/INFO]: Custom Map Seeds:  Village: 10387312 Desert: 14357617 Igloo: 14357618 Jungle: 14357619 Swamp: 14357620 Monument: 10387313 Ocean: 14357621 Shipwreck: 165745295 End City: 10387313 Slime: 987234911 Nether: 30084232 Mansion: 10387319 Fossil: 14357921 Portal: 34222645
[05:00:12] [Server thread/INFO]: Tile Max Tick Time: 50ms Entity max Tick Time: 50ms
[05:00:12] [Server thread/INFO]: Max TNT Explosions: 100
[05:00:12] [Server thread/INFO]: Zombie Aggressive Towards Villager: true
[05:00:12] [Server thread/INFO]: Allow Zombie Pigmen to spawn from portal blocks: true
[05:00:12] [Server thread/INFO]: Preparing start region for dimension minecraft:overworld
[05:00:13] [Server thread/INFO]: Time elapsed: 822 ms
[05:00:13] [Server thread/INFO]: Preparing start region for dimension minecraft:the_nether
[05:00:13] [Server thread/INFO]: Time elapsed: 156 ms
[05:00:13] [Server thread/INFO]: Preparing start region for dimension minecraft:the_end
[05:00:13] [Server thread/INFO]: Time elapsed: 139 ms
[05:00:13] [Server thread/INFO]: [goBrush] Enabling goBrush v3.8.0-61
[05:00:16] [Server thread/INFO]: [Essentials] Enabling Essentials v2.20.1-dev+17-03ed9a5
[05:00:17] [Server thread/ERROR]: [Essentials] You are running an unsupported server version!
[05:00:21] [Server thread/INFO]: [Essentials] Attempting to convert old kits in config.yml to new kits.yml
[05:00:21] [Server thread/INFO]: [Essentials] No kits found to migrate.
[05:00:21] [Server thread/INFO]: [Essentials] Loaded 38132 items from items.json.
[05:00:21] [Server thread/INFO]: [Essentials] Using locale en_US
[05:00:22] [Server thread/INFO]: [Essentials] ServerListPingEvent: Spigot iterator API
[05:00:22] [Server thread/INFO]: [Essentials] Starting Metrics. Opt-out using the global bStats config.
[05:00:22] [Server thread/INFO]: [Essentials] Using superperms-based permissions.
[05:00:23] [Server thread/INFO]: Running delayed init tasks
[05:00:23] [Craft Scheduler Thread - 2 - Essentials/INFO]: [Essentials] Fetching version information...
[05:00:23] [Server thread/INFO]: Done (25.074s)! For help, type "help"
[05:00:23] [Server thread/INFO]: Timings Reset
[05:00:23] [Craft Scheduler Thread - 2 - Essentials/WARN]: [Essentials] You're 12 EssentialsX dev build(s) out of date!
[05:00:23] [Craft Scheduler Thread - 2 - Essentials/WARN]: [Essentials] Download it here: https://essentialsx.net/downloads.html
[05:00:31] [Server thread/INFO]: Stopping the server
[05:00:31] [Server thread/INFO]: Unknown command. Type "/help" for help.
[05:00:31] [Server thread/INFO]: Stopping server
[05:00:31] [Server thread/INFO]: [Essentials] Disabling Essentials v2.20.1-dev+17-03ed9a5
[05:00:31] [Server thread/INFO]: [goBrush] Disabling goBrush v3.8.0-61
[05:00:31] [Server thread/INFO]: [FastAsyncWorldEdit] Disabling FastAsyncWorldEdit v2.6.5-SNAPSHOT-503;83a4987
[05:00:31] [Server thread/INFO]: Unregistering com.sk89q.worldedit.bukkit.BukkitServerInterface from WorldEdit
[05:00:31] [Server thread/INFO]: Saving players
[05:00:31] [Server thread/INFO]: Saving worlds
[05:00:31] [Server thread/INFO]: Saving chunks for level 'ServerLevel[world]'/minecraft:overworld
[05:00:31] [Server thread/INFO]: [ChunkHolderManager] Waiting 60s for chunk system to halt for world 'world'
[05:00:31] [Server thread/INFO]: [ChunkHolderManager] Halted chunk system for world 'world'
[05:00:31] [Server thread/INFO]: [ChunkHolderManager] Saving all chunkholders for world 'world'
[05:00:35] [Server thread/INFO]: [ChunkHolderManager] Saved 529 block chunks, 529 entity chunks, 0 poi chunks in world 'world' in 3.70s
[05:00:43] [Server thread/INFO]: ThreadedAnvilChunkStorage (world): All chunks are saved
[05:00:43] [Server thread/INFO]: Saving chunks for level 'ServerLevel[world_nether]'/minecraft:the_nether
[05:00:43] [Server thread/INFO]: [ChunkHolderManager] Waiting 60s for chunk system to halt for world 'world_nether'
[05:00:43] [Server thread/INFO]: [ChunkHolderManager] Halted chunk system for world 'world_nether'
[05:00:43] [Server thread/INFO]: [ChunkHolderManager] Saving all chunkholders for world 'world_nether'
[05:00:44] [Server thread/INFO]: [ChunkHolderManager] Saved 529 block chunks, 529 entity chunks, 0 poi chunks in world 'world_nether' in 1.32s
[05:00:46] [Server thread/INFO]: ThreadedAnvilChunkStorage (DIM-1): All chunks are saved
[05:00:46] [Server thread/INFO]: Saving chunks for level 'ServerLevel[world_the_end]'/minecraft:the_end
[05:00:46] [Server thread/INFO]: [ChunkHolderManager] Waiting 60s for chunk system to halt for world 'world_the_end'
[05:00:46] [Server thread/INFO]: [ChunkHolderManager] Halted chunk system for world 'world_the_end'
[05:00:46] [Server thread/INFO]: [ChunkHolderManager] Saving all chunkholders for world 'world_the_end'
[05:00:47] [Server thread/INFO]: [ChunkHolderManager] Saved 529 block chunks, 529 entity chunks, 0 poi chunks in world 'world_the_end' in 0.21s
[05:00:48] [Server thread/INFO]: ThreadedAnvilChunkStorage (DIM1): All chunks are saved
[05:00:48] [Server thread/INFO]: ThreadedAnvilChunkStorage: All dimensions are saved
[05:00:48] [Server thread/INFO]: Flushing Chunk IO
[05:00:48] [Server thread/INFO]: Closing Thread Pool
[05:00:48] [Server thread/INFO]: Closing Server
